data_hora 02/09/2021 20:15:08
Erro no login: 
Usuário não existe
-----------------------------------------------------------------
data_hora 02/09/2021 20:15:21
Erro no login: 
Senha Incorreta
-----------------------------------------------------------------
data_hora 02/09/2021 20:35:33
where da busca or cpf = 08362536985
-----------------------------------------------------------------
data_hora 02/09/2021 20:36:20
where da busca or cpf = 08362536985
-----------------------------------------------------------------
data_hora 02/09/2021 20:36:47
where da buscanome = isaque or cpf = 08362536985
-----------------------------------------------------------------
data_hora 02/09/2021 20:43:26
tentando Login
-----------------------------------------------------------------
data_hora 02/09/2021 20:43:26
buscando usuario por email
-----------------------------------------------------------------
